mode: set
github.com/mihailtudos/bookings/cmd/web/main.go:21.13,24.16 2 0
github.com/mihailtudos/bookings/cmd/web/main.go:28.2,37.16 4 0
github.com/mihailtudos/bookings/cmd/web/main.go:24.16,26.3 1 0
github.com/mihailtudos/bookings/cmd/web/main.go:37.16,39.3 1 0
github.com/mihailtudos/bookings/cmd/web/main.go:42.18,57.16 10 1
github.com/mihailtudos/bookings/cmd/web/main.go:62.2,69.12 6 1
github.com/mihailtudos/bookings/cmd/web/main.go:57.16,60.3 2 0
github.com/mihailtudos/bookings/cmd/web/middleware.go:8.45,18.2 3 1
github.com/mihailtudos/bookings/cmd/web/middleware.go:20.50,22.2 1 1
github.com/mihailtudos/bookings/cmd/web/routes.go:11.49,36.2 18 1
